2020-01-26 19:14:50,808 INFO     Application loaded succesfuly.
2020-01-26 19:14:53,861 INFO     Application loaded succesfuly.
2020-01-26 19:14:53,862 ERROR    undefined
undefined
undefined
undefined
2020-01-26 19:14:53,864 ERROR    undefined
undefined
undefined
undefined
2020-01-26 19:16:56,116 INFO     Application loaded succesfuly.
2020-01-26 19:17:10,716 INFO     Application loaded succesfuly.
2020-01-26 19:17:10,717 ERROR    undefined
undefined
undefined
undefined
2020-01-26 19:17:10,718 ERROR    undefined
undefined
undefined
undefined
2020-01-26 19:17:19,525 INFO     Application loaded succesfuly.
2020-01-26 19:17:19,526 ERROR    undefined
undefined
undefined
undefined
2020-01-26 19:17:19,527 ERROR    undefined
undefined
undefined
undefined
2020-01-26 19:17:51,034 INFO     Application loaded succesfuly.
2020-01-26 19:19:28,424 INFO     Application loaded succesfuly.
2020-01-26 19:19:28,425 ERROR    undefined
undefined
undefined
undefined
2020-01-26 19:19:28,427 ERROR    undefined
undefined
undefined
undefined
2020-01-26 19:19:28,428 ERROR    undefined
undefined
undefined
undefined
2020-01-26 19:22:40,041 INFO     Application loaded succesfuly.
2020-01-26 19:22:40,042 ERROR    undefined
undefined
undefined
undefined
2020-01-26 19:22:40,043 ERROR    undefined
undefined
undefined
undefined
2020-01-26 19:25:41,691 INFO     Application loaded succesfuly.
2020-01-26 19:27:18,217 INFO     Application loaded succesfuly.
2020-01-26 19:27:18,218 ERROR    undefined
undefined
undefined
undefined
2020-01-26 19:27:18,220 ERROR    undefined
undefined
undefined
undefined
2020-01-26 19:27:18,222 ERROR    undefined
undefined
undefined
undefined
2020-01-26 19:27:18,223 ERROR    undefined
undefined
undefined
undefined
2020-01-26 19:27:19,248 INFO     Application loaded succesfuly.
2020-01-26 19:27:19,249 ERROR    undefined
undefined
undefined
undefined
2020-01-26 19:27:19,253 ERROR    undefined
undefined
undefined
undefined
2020-01-26 19:27:19,846 INFO     Application loaded succesfuly.
2020-01-26 19:27:19,848 ERROR    undefined
undefined
undefined
undefined
2020-01-26 19:27:19,850 ERROR    undefined
undefined
undefined
undefined
2020-01-26 19:27:20,206 INFO     Application loaded succesfuly.
2020-01-26 19:27:20,207 ERROR    undefined
undefined
undefined
undefined
2020-01-26 19:27:20,213 ERROR    undefined
undefined
undefined
undefined
2020-01-26 19:29:39,848 INFO     Application loaded succesfuly.
2020-01-26 19:29:39,849 ERROR    undefined
undefined
undefined
undefined
2020-01-26 19:29:39,851 ERROR    undefined
undefined
undefined
undefined
2020-01-26 19:34:21,037 INFO     Application loaded succesfuly.
2020-01-26 19:34:21,038 ERROR    undefined
undefined
undefined
undefined
2020-01-26 19:34:21,040 ERROR    undefined
undefined
undefined
undefined
2020-01-26 19:34:21,042 ERROR    undefined
undefined
undefined
undefined
2020-01-26 19:39:42,971 INFO     Application loaded succesfuly.
2020-01-26 19:39:50,271 INFO     Application loaded succesfuly.
2020-01-26 19:39:50,273 ERROR    undefined
undefined
undefined
undefined
2020-01-26 19:39:50,275 ERROR    undefined
undefined
undefined
undefined
2020-01-26 19:39:50,733 INFO     Application loaded succesfuly.
2020-01-26 19:39:50,734 ERROR    undefined
undefined
undefined
undefined
2020-01-26 19:39:50,736 ERROR    undefined
undefined
undefined
undefined
2020-01-26 19:39:50,934 INFO     Application loaded succesfuly.
2020-01-26 19:39:50,935 ERROR    undefined
undefined
undefined
undefined
2020-01-26 19:39:50,940 ERROR    undefined
undefined
undefined
undefined
2020-01-26 19:40:09,413 INFO     Application loaded succesfuly.
2020-01-26 19:40:09,415 ERROR    undefined
undefined
undefined
undefined
2020-01-26 19:40:09,416 ERROR    undefined
undefined
undefined
undefined
2020-01-26 19:41:14,164 INFO     Application loaded succesfuly.
2020-01-26 19:41:14,165 ERROR    undefined
undefined
undefined
undefined
2020-01-26 19:41:14,166 ERROR    undefined
undefined
undefined
undefined
2020-01-26 19:41:14,945 INFO     Application loaded succesfuly.
2020-01-26 19:41:14,946 ERROR    undefined
undefined
undefined
undefined
2020-01-26 19:41:14,948 ERROR    undefined
undefined
undefined
undefined
2020-01-26 19:41:15,690 INFO     Application loaded succesfuly.
2020-01-26 19:41:15,690 ERROR    undefined
undefined
undefined
undefined
2020-01-26 19:41:15,692 ERROR    undefined
undefined
undefined
undefined
2020-01-26 19:41:15,922 INFO     Application loaded succesfuly.
2020-01-26 19:41:15,924 ERROR    undefined
undefined
undefined
undefined
2020-01-26 19:41:15,926 ERROR    undefined
undefined
undefined
undefined
2020-01-26 19:42:49,204 INFO     Application loaded succesfuly.
2020-01-26 19:42:49,205 ERROR    undefined
undefined
undefined
undefined
2020-01-26 19:42:49,206 ERROR    undefined
undefined
undefined
undefined
2020-01-26 19:43:46,030 INFO     Application loaded succesfuly.
2020-01-26 19:43:46,033 ERROR    undefined
undefined
undefined
undefined
2020-01-26 19:43:46,034 ERROR    undefined
undefined
undefined
undefined
2020-01-26 19:43:49,136 INFO     Application loaded succesfuly.
2020-01-26 19:43:49,137 ERROR    undefined
undefined
undefined
undefined
2020-01-26 19:43:49,139 ERROR    undefined
undefined
undefined
undefined
2020-01-26 19:43:49,357 INFO     Application loaded succesfuly.
2020-01-26 19:43:49,358 ERROR    undefined
undefined
undefined
undefined
2020-01-26 19:43:49,360 ERROR    undefined
undefined
undefined
undefined
2020-01-26 19:43:51,359 INFO     Application loaded succesfuly.
2020-01-26 19:43:51,360 ERROR    undefined
undefined
undefined
undefined
2020-01-26 19:43:51,361 ERROR    undefined
undefined
undefined
undefined
2020-01-26 19:43:51,691 INFO     Application loaded succesfuly.
2020-01-26 19:43:51,694 ERROR    undefined
undefined
undefined
undefined
2020-01-26 19:43:51,698 ERROR    undefined
undefined
undefined
undefined
2020-01-26 19:43:52,096 INFO     Application loaded succesfuly.
2020-01-26 19:43:52,096 ERROR    undefined
undefined
undefined
undefined
2020-01-26 19:43:52,099 ERROR    undefined
undefined
undefined
undefined
2020-01-26 19:43:58,084 INFO     Application loaded succesfuly.
2020-01-26 19:43:58,089 ERROR    undefined
undefined
undefined
undefined
2020-01-26 19:43:58,093 ERROR    undefined
undefined
undefined
undefined
2020-01-26 19:44:51,686 INFO     Application loaded succesfuly.
2020-01-26 19:44:53,676 INFO     Application loaded succesfuly.
2020-01-26 19:44:53,678 ERROR    undefined
undefined
undefined
undefined
2020-01-26 19:44:53,679 ERROR    undefined
undefined
undefined
undefined
2020-01-26 19:44:56,695 INFO     Application loaded succesfuly.
2020-01-26 19:44:56,697 ERROR    undefined
undefined
undefined
undefined
2020-01-26 19:44:56,700 ERROR    undefined
undefined
undefined
undefined
2020-01-26 19:44:57,049 INFO     Application loaded succesfuly.
2020-01-26 19:44:57,052 ERROR    undefined
undefined
undefined
undefined
2020-01-26 19:44:57,055 ERROR    undefined
undefined
undefined
undefined
2020-01-26 19:45:37,436 INFO     Application loaded succesfuly.
2020-01-26 19:45:37,437 ERROR    undefined
undefined
undefined
undefined
2020-01-26 19:45:37,438 ERROR    undefined
undefined
undefined
undefined
2020-01-26 19:45:37,630 INFO     Application loaded succesfuly.
2020-01-26 19:45:37,631 ERROR    undefined
undefined
undefined
undefined
2020-01-26 19:45:37,634 ERROR    undefined
undefined
undefined
undefined
2020-01-26 19:45:37,811 INFO     Application loaded succesfuly.
2020-01-26 19:45:37,812 ERROR    undefined
undefined
undefined
undefined
2020-01-26 19:45:37,814 ERROR    undefined
undefined
undefined
undefined
2020-01-26 19:45:37,994 INFO     Application loaded succesfuly.
2020-01-26 19:45:37,995 ERROR    undefined
undefined
undefined
undefined
2020-01-26 19:45:38,000 ERROR    undefined
undefined
undefined
undefined
2020-01-26 19:45:42,366 INFO     Application loaded succesfuly.
2020-01-26 19:45:42,369 ERROR    undefined
undefined
undefined
undefined
2020-01-26 19:45:42,373 ERROR    undefined
undefined
undefined
undefined
2020-01-26 19:45:42,609 INFO     Application loaded succesfuly.
2020-01-26 19:45:42,610 ERROR    undefined
undefined
undefined
undefined
2020-01-26 19:45:42,613 ERROR    undefined
undefined
undefined
undefined
2020-01-26 19:45:48,120 INFO     Application loaded succesfuly.
2020-01-26 19:45:48,121 ERROR    undefined
undefined
undefined
undefined
2020-01-26 19:45:48,122 ERROR    undefined
undefined
undefined
undefined
2020-01-26 19:46:04,077 INFO     Application loaded succesfuly.
2020-01-26 19:46:06,054 INFO     Application loaded succesfuly.
2020-01-26 19:46:06,054 ERROR    undefined
undefined
undefined
undefined
2020-01-26 19:46:06,057 ERROR    undefined
undefined
undefined
undefined
2020-01-26 19:46:08,823 INFO     Application loaded succesfuly.
2020-01-26 19:46:08,824 ERROR    undefined
undefined
undefined
undefined
2020-01-26 19:46:08,825 ERROR    undefined
undefined
undefined
undefined
2020-01-26 19:46:09,023 INFO     Application loaded succesfuly.
2020-01-26 19:46:09,024 ERROR    undefined
undefined
undefined
undefined
2020-01-26 19:46:09,026 ERROR    undefined
undefined
undefined
undefined
2020-01-26 19:46:09,276 INFO     Application loaded succesfuly.
2020-01-26 19:46:09,278 ERROR    undefined
undefined
undefined
undefined
2020-01-26 19:46:09,280 ERROR    undefined
undefined
undefined
undefined
2020-01-26 19:46:22,967 INFO     Application loaded succesfuly.
2020-01-26 19:46:22,969 ERROR    undefined
undefined
undefined
undefined
2020-01-26 19:46:22,970 ERROR    undefined
undefined
undefined
undefined
2020-01-26 19:46:24,297 INFO     Application loaded succesfuly.
2020-01-26 19:46:24,298 ERROR    undefined
undefined
undefined
undefined
2020-01-26 19:46:24,301 ERROR    undefined
undefined
undefined
undefined
2020-01-26 19:46:24,485 INFO     Application loaded succesfuly.
2020-01-26 19:46:24,486 ERROR    undefined
undefined
undefined
undefined
2020-01-26 19:46:24,487 ERROR    undefined
undefined
undefined
undefined
2020-01-26 19:46:27,222 INFO     Application loaded succesfuly.
2020-01-26 19:46:27,224 ERROR    undefined
undefined
undefined
undefined
2020-01-26 19:46:27,227 ERROR    undefined
undefined
undefined
undefined
2020-01-26 19:46:27,469 INFO     Application loaded succesfuly.
2020-01-26 19:46:27,470 ERROR    undefined
undefined
undefined
undefined
2020-01-26 19:46:27,475 ERROR    undefined
undefined
undefined
undefined
2020-01-26 19:48:42,359 INFO     Application loaded succesfuly.
2020-01-26 19:48:45,947 INFO     Application loaded succesfuly.
2020-01-26 19:48:45,948 ERROR    undefined
undefined
undefined
undefined
2020-01-26 19:48:45,948 ERROR    undefined
undefined
undefined
undefined
2020-01-26 19:48:46,270 INFO     Application loaded succesfuly.
2020-01-26 19:48:46,271 ERROR    undefined
undefined
undefined
undefined
2020-01-26 19:48:46,272 ERROR    undefined
undefined
undefined
undefined
2020-01-26 19:48:48,744 INFO     Application loaded succesfuly.
2020-01-26 19:48:48,746 ERROR    undefined
undefined
undefined
undefined
2020-01-26 19:48:48,751 ERROR    undefined
undefined
undefined
undefined
2020-01-26 19:48:49,639 INFO     Application loaded succesfuly.
2020-01-26 19:48:49,641 ERROR    undefined
undefined
undefined
undefined
2020-01-26 19:48:49,645 ERROR    undefined
undefined
undefined
undefined
2020-01-26 19:48:50,667 INFO     Application loaded succesfuly.
2020-01-26 19:48:50,669 ERROR    undefined
undefined
undefined
undefined
2020-01-26 19:48:50,673 ERROR    undefined
undefined
undefined
undefined
2020-01-26 19:48:50,863 INFO     Application loaded succesfuly.
2020-01-26 19:48:50,864 ERROR    undefined
undefined
undefined
undefined
2020-01-26 19:48:50,866 ERROR    undefined
undefined
undefined
undefined
2020-01-26 19:52:21,136 INFO     Application loaded succesfuly.
2020-01-26 19:52:21,137 ERROR    undefined
undefined
undefined
undefined
2020-01-26 19:52:21,138 ERROR    undefined
undefined
undefined
undefined
2020-01-26 19:52:21,140 ERROR    undefined
undefined
undefined
undefined
2020-01-26 19:52:21,142 ERROR    undefined
undefined
undefined
undefined
2020-01-26 19:52:21,145 ERROR    undefined
undefined
undefined
undefined
2020-01-26 19:52:29,141 INFO     Application loaded succesfuly.
2020-01-26 19:52:29,142 ERROR    undefined
undefined
undefined
undefined
2020-01-26 19:52:29,144 ERROR    undefined
undefined
undefined
undefined
2020-01-26 19:52:29,532 INFO     Application loaded succesfuly.
2020-01-26 19:52:29,533 ERROR    undefined
undefined
undefined
undefined
2020-01-26 19:52:29,536 ERROR    undefined
undefined
undefined
undefined
2020-01-26 19:52:33,088 INFO     Application loaded succesfuly.
2020-01-26 19:52:33,091 ERROR    undefined
undefined
undefined
undefined
2020-01-26 19:52:33,093 ERROR    undefined
undefined
undefined
undefined
2020-01-26 19:52:36,124 INFO     Application loaded succesfuly.
2020-01-26 19:52:36,130 ERROR    undefined
undefined
undefined
undefined
2020-01-26 19:52:36,132 ERROR    undefined
undefined
undefined
undefined
2020-01-26 19:52:36,473 INFO     Application loaded succesfuly.
2020-01-26 19:52:36,474 ERROR    undefined
undefined
undefined
undefined
2020-01-26 19:52:36,476 ERROR    undefined
undefined
undefined
undefined
2020-01-26 19:52:48,008 INFO     Application loaded succesfuly.
2020-01-26 19:52:48,009 ERROR    undefined
undefined
undefined
undefined
2020-01-26 19:52:48,011 ERROR    undefined
undefined
undefined
undefined
2020-01-26 19:52:51,060 INFO     Application loaded succesfuly.
2020-01-26 19:52:51,062 ERROR    undefined
undefined
undefined
undefined
2020-01-26 19:52:51,064 ERROR    undefined
undefined
undefined
undefined
2020-01-26 19:52:51,297 INFO     Application loaded succesfuly.
2020-01-26 19:52:51,298 ERROR    undefined
undefined
undefined
undefined
2020-01-26 19:52:51,301 ERROR    undefined
undefined
undefined
undefined
2020-01-26 19:53:48,537 INFO     Application loaded succesfuly.
2020-01-26 19:53:48,538 ERROR    undefined
undefined
undefined
undefined
2020-01-26 19:53:48,539 ERROR    undefined
undefined
undefined
undefined
2020-01-26 19:53:48,846 INFO     Application loaded succesfuly.
2020-01-26 19:53:48,847 ERROR    undefined
undefined
undefined
undefined
2020-01-26 19:53:48,848 ERROR    undefined
undefined
undefined
undefined
2020-01-26 19:53:55,083 INFO     Application loaded succesfuly.
2020-01-26 19:53:55,084 ERROR    undefined
undefined
undefined
undefined
2020-01-26 19:53:55,087 ERROR    undefined
undefined
undefined
undefined
2020-01-26 19:55:30,435 INFO     Application loaded succesfuly.
2020-01-26 19:55:32,563 INFO     Application loaded succesfuly.
2020-01-26 19:55:32,564 ERROR    undefined
undefined
undefined
undefined
2020-01-26 19:55:32,565 ERROR    undefined
undefined
undefined
undefined
2020-01-26 19:55:32,867 INFO     Application loaded succesfuly.
2020-01-26 19:55:32,870 ERROR    undefined
undefined
undefined
undefined
2020-01-26 19:55:32,871 ERROR    undefined
undefined
undefined
undefined
2020-01-26 19:55:33,126 INFO     Application loaded succesfuly.
2020-01-26 19:55:33,127 ERROR    undefined
undefined
undefined
undefined
2020-01-26 19:55:33,129 ERROR    undefined
undefined
undefined
undefined
2020-01-26 19:56:47,250 INFO     Application loaded succesfuly.
2020-01-26 19:56:47,251 ERROR    undefined
undefined
undefined
undefined
2020-01-26 19:56:47,252 ERROR    undefined
undefined
undefined
undefined
2020-01-26 19:56:55,555 INFO     Application loaded succesfuly.
2020-01-26 19:56:55,557 ERROR    undefined
undefined
undefined
undefined
2020-01-26 19:56:55,558 ERROR    undefined
undefined
undefined
undefined
2020-01-26 19:56:55,561 INFO     Application loaded succesfuly.
2020-01-26 19:56:55,562 ERROR    undefined
undefined
undefined
undefined
2020-01-26 19:56:55,564 ERROR    undefined
undefined
undefined
undefined
2020-01-26 19:56:56,073 INFO     Application loaded succesfuly.
2020-01-26 19:56:56,075 ERROR    undefined
undefined
undefined
undefined
2020-01-26 19:56:56,080 ERROR    undefined
undefined
undefined
undefined
2020-01-26 19:56:56,228 INFO     Application loaded succesfuly.
2020-01-26 19:56:56,229 ERROR    undefined
undefined
undefined
undefined
2020-01-26 19:56:56,231 ERROR    undefined
undefined
undefined
undefined
2020-01-26 19:56:57,983 INFO     Application loaded succesfuly.
2020-01-26 19:56:57,983 ERROR    undefined
undefined
undefined
undefined
2020-01-26 19:56:57,985 ERROR    undefined
undefined
undefined
undefined
2020-01-26 19:56:58,168 INFO     Application loaded succesfuly.
2020-01-26 19:56:58,169 ERROR    undefined
undefined
undefined
undefined
2020-01-26 19:56:58,172 ERROR    undefined
undefined
undefined
undefined
2020-01-26 19:57:07,224 INFO     Application loaded succesfuly.
2020-01-26 19:57:07,227 ERROR    undefined
undefined
undefined
undefined
2020-01-26 19:57:07,232 ERROR    undefined
undefined
undefined
undefined
2020-01-26 19:57:07,781 INFO     Application loaded succesfuly.
2020-01-26 19:57:07,782 ERROR    undefined
undefined
undefined
undefined
2020-01-26 19:57:07,784 ERROR    undefined
undefined
undefined
undefined
2020-01-26 19:57:07,960 INFO     Application loaded succesfuly.
2020-01-26 19:57:07,961 ERROR    undefined
undefined
undefined
undefined
2020-01-26 19:57:07,964 ERROR    undefined
undefined
undefined
undefined
2020-01-26 19:58:03,391 INFO     Application loaded succesfuly.
2020-01-26 19:58:05,138 INFO     Application loaded succesfuly.
2020-01-26 19:58:05,139 ERROR    undefined
undefined
undefined
undefined
2020-01-26 19:58:05,140 ERROR    undefined
undefined
undefined
undefined
2020-01-26 19:58:16,995 INFO     Application loaded succesfuly.
2020-01-26 19:58:16,996 ERROR    undefined
undefined
undefined
undefined
2020-01-26 19:58:16,997 ERROR    undefined
undefined
undefined
undefined
2020-01-26 19:58:17,312 INFO     Application loaded succesfuly.
2020-01-26 19:58:17,314 ERROR    undefined
undefined
undefined
undefined
2020-01-26 19:58:17,318 ERROR    undefined
undefined
undefined
undefined
2020-01-26 19:58:58,055 INFO     Application loaded succesfuly.
2020-01-26 19:58:59,901 INFO     Application loaded succesfuly.
2020-01-26 19:58:59,902 ERROR    undefined
undefined
undefined
undefined
2020-01-26 19:58:59,904 ERROR    undefined
undefined
undefined
undefined
2020-01-26 19:59:03,343 INFO     Application loaded succesfuly.
2020-01-26 19:59:03,344 ERROR    undefined
undefined
undefined
undefined
2020-01-26 19:59:03,346 ERROR    undefined
undefined
undefined
undefined
2020-01-26 19:59:05,219 INFO     Application loaded succesfuly.
2020-01-26 19:59:05,221 ERROR    undefined
undefined
undefined
undefined
2020-01-26 19:59:05,223 ERROR    undefined
undefined
undefined
undefined
2020-01-26 19:59:19,303 INFO     Application loaded succesfuly.
2020-01-26 19:59:19,303 ERROR    undefined
undefined
undefined
undefined
2020-01-26 19:59:19,304 ERROR    undefined
undefined
undefined
undefined
2020-01-26 19:59:21,732 INFO     Application loaded succesfuly.
2020-01-26 19:59:21,733 ERROR    undefined
undefined
undefined
undefined
2020-01-26 19:59:21,735 ERROR    undefined
undefined
undefined
undefined
2020-01-26 19:59:32,294 INFO     Application loaded succesfuly.
2020-01-26 19:59:32,844 INFO     Application loaded succesfuly.
2020-01-26 19:59:32,845 ERROR    undefined
undefined
undefined
undefined
2020-01-26 19:59:32,847 ERROR    undefined
undefined
undefined
undefined
2020-01-26 19:59:33,613 INFO     Application loaded succesfuly.
2020-01-26 19:59:33,785 ERROR    undefined
undefined
undefined
undefined
2020-01-26 19:59:33,787 ERROR    undefined
undefined
undefined
undefined
2020-01-26 19:59:34,456 INFO     Application loaded succesfuly.
2020-01-26 19:59:34,457 ERROR    undefined
undefined
undefined
undefined
2020-01-26 19:59:34,460 ERROR    undefined
undefined
undefined
undefined
2020-01-26 19:59:35,145 INFO     Application loaded succesfuly.
2020-01-26 19:59:35,146 ERROR    undefined
undefined
undefined
undefined
2020-01-26 19:59:35,149 ERROR    undefined
undefined
undefined
undefined
2020-01-26 19:59:37,437 INFO     Application loaded succesfuly.
2020-01-26 19:59:37,438 ERROR    undefined
undefined
undefined
undefined
2020-01-26 19:59:37,440 ERROR    undefined
undefined
undefined
undefined
2020-01-26 19:59:40,082 INFO     Application loaded succesfuly.
2020-01-26 19:59:40,083 ERROR    undefined
undefined
undefined
undefined
2020-01-26 19:59:40,085 ERROR    undefined
undefined
undefined
undefined
2020-01-26 20:00:58,659 INFO     Application loaded succesfuly.
2020-01-26 20:00:58,660 ERROR    undefined
undefined
undefined
undefined
2020-01-26 20:00:58,662 ERROR    undefined
undefined
undefined
undefined
2020-01-26 20:01:01,774 INFO     Application loaded succesfuly.
2020-01-26 20:01:03,445 INFO     Application loaded succesfuly.
2020-01-26 20:01:03,446 ERROR    undefined
undefined
undefined
undefined
2020-01-26 20:01:03,448 ERROR    undefined
undefined
undefined
undefined
2020-01-26 20:01:04,903 INFO     Application loaded succesfuly.
2020-01-26 20:01:04,904 ERROR    undefined
undefined
undefined
undefined
2020-01-26 20:01:04,907 ERROR    undefined
undefined
undefined
undefined
2020-01-26 20:01:05,097 INFO     Application loaded succesfuly.
2020-01-26 20:01:05,100 ERROR    undefined
undefined
undefined
undefined
2020-01-26 20:01:05,103 ERROR    undefined
undefined
undefined
undefined
2020-01-26 20:07:03,472 INFO     Application loaded succesfuly.
2020-01-26 20:07:06,094 INFO     Application loaded succesfuly.
2020-01-26 20:07:06,095 ERROR    undefined
undefined
undefined
undefined
2020-01-26 20:07:06,096 ERROR    undefined
undefined
undefined
undefined
2020-01-26 20:07:09,075 INFO     Application loaded succesfuly.
2020-01-26 20:07:09,076 ERROR    undefined
undefined
undefined
undefined
2020-01-26 20:07:09,078 ERROR    undefined
undefined
undefined
undefined
2020-01-26 20:07:09,342 INFO     Application loaded succesfuly.
2020-01-26 20:07:09,344 ERROR    undefined
undefined
undefined
undefined
2020-01-26 20:07:09,346 ERROR    undefined
undefined
undefined
undefined
2020-01-26 20:07:35,713 INFO     Application loaded succesfuly.
2020-01-26 20:07:35,718 ERROR    undefined
undefined
undefined
undefined
2020-01-26 20:07:35,720 ERROR    undefined
undefined
undefined
undefined
2020-01-26 20:07:36,331 INFO     Application loaded succesfuly.
2020-01-26 20:07:36,332 ERROR    undefined
undefined
undefined
undefined
2020-01-26 20:07:36,334 ERROR    undefined
undefined
undefined
undefined
2020-01-26 20:07:36,848 INFO     Application loaded succesfuly.
2020-01-26 20:07:36,851 ERROR    undefined
undefined
undefined
undefined
2020-01-26 20:07:36,859 ERROR    undefined
undefined
undefined
undefined
2020-01-26 20:07:37,446 INFO     Application loaded succesfuly.
2020-01-26 20:07:37,447 ERROR    undefined
undefined
undefined
undefined
2020-01-26 20:07:37,450 ERROR    undefined
undefined
undefined
undefined
2020-01-26 20:07:38,477 INFO     Application loaded succesfuly.
2020-01-26 20:07:38,478 ERROR    undefined
undefined
undefined
undefined
2020-01-26 20:07:38,480 ERROR    undefined
undefined
undefined
undefined
2020-01-26 20:07:38,922 INFO     Application loaded succesfuly.
2020-01-26 20:07:38,923 ERROR    undefined
undefined
undefined
undefined
2020-01-26 20:07:38,925 ERROR    undefined
undefined
undefined
undefined
2020-01-26 20:07:39,088 INFO     Application loaded succesfuly.
2020-01-26 20:07:39,089 ERROR    undefined
undefined
undefined
undefined
2020-01-26 20:07:39,091 ERROR    undefined
undefined
undefined
undefined
2020-01-26 20:07:43,624 INFO     Application loaded succesfuly.
2020-01-26 20:07:43,625 ERROR    undefined
undefined
undefined
undefined
2020-01-26 20:07:43,627 ERROR    undefined
undefined
undefined
undefined
2020-01-26 20:07:45,681 INFO     Application loaded succesfuly.
2020-01-26 20:07:45,682 ERROR    undefined
undefined
undefined
undefined
2020-01-26 20:07:45,685 ERROR    undefined
undefined
undefined
undefined
2020-01-26 20:07:46,682 INFO     Application loaded succesfuly.
2020-01-26 20:07:46,683 ERROR    undefined
undefined
undefined
undefined
2020-01-26 20:07:46,685 ERROR    undefined
undefined
undefined
undefined
2020-01-26 20:07:46,838 INFO     Application loaded succesfuly.
2020-01-26 20:07:46,838 ERROR    undefined
undefined
undefined
undefined
2020-01-26 20:07:46,841 ERROR    undefined
undefined
undefined
undefined
2020-01-26 20:09:10,878 INFO     Application loaded succesfuly.
2020-01-26 20:09:10,879 ERROR    undefined
undefined
undefined
undefined
2020-01-26 20:09:10,881 ERROR    undefined
undefined
undefined
undefined
2020-01-26 20:09:44,053 INFO     Application loaded succesfuly.
2020-01-26 20:09:44,053 ERROR    undefined
undefined
undefined
undefined
2020-01-26 20:09:44,055 ERROR    undefined
undefined
undefined
undefined
2020-01-26 20:10:22,396 INFO     Application loaded succesfuly.
2020-01-26 20:10:22,397 ERROR    undefined
undefined
undefined
undefined
2020-01-26 20:10:22,398 ERROR    undefined
undefined
undefined
undefined
2020-01-26 20:10:42,129 INFO     Application loaded succesfuly.
2020-01-26 20:10:42,131 ERROR    undefined
undefined
undefined
undefined
2020-01-26 20:10:42,133 ERROR    undefined
undefined
undefined
undefined
2020-01-26 20:10:43,664 INFO     Application loaded succesfuly.
2020-01-26 20:10:43,665 ERROR    undefined
undefined
undefined
undefined
2020-01-26 20:10:43,675 ERROR    undefined
undefined
undefined
undefined
2020-01-26 20:10:46,686 INFO     Application loaded succesfuly.
2020-01-26 20:10:46,687 ERROR    undefined
undefined
undefined
undefined
2020-01-26 20:10:46,688 ERROR    undefined
undefined
undefined
undefined
2020-01-26 20:10:58,958 INFO     Application loaded succesfuly.
2020-01-26 20:19:20,113 INFO     Application loaded succesfuly.
2020-01-26 20:22:51,892 INFO     Serial ports detected: []
2020-01-26 20:22:51,892 ERROR    Failed to find the serial device! list index out of range
2020-01-26 20:22:53,393 INFO     Application loaded succesfuly.
2020-01-26 20:22:53,394 ERROR    undefined
undefined
undefined
undefined
2020-01-26 20:22:53,395 ERROR    undefined
undefined
undefined
undefined
2020-01-26 20:24:01,175 INFO     Serial ports detected: []
2020-01-26 20:24:01,192 INFO     Serial ports detected: []
2020-01-26 20:24:01,199 INFO     Serial ports detected: []
2020-01-26 20:24:01,218 INFO     Serial ports detected: []
2020-01-26 20:24:01,230 INFO     Serial ports detected: []
2020-01-26 20:24:01,246 INFO     Serial ports detected: []
2020-01-26 20:24:01,256 INFO     Serial ports detected: []
2020-01-26 20:24:01,265 INFO     Serial ports detected: []
2020-01-26 20:24:01,279 INFO     Serial ports detected: []
2020-01-26 20:24:01,292 INFO     Serial ports detected: []
2020-01-26 20:24:31,742 INFO     Serial ports detected: []
2020-01-26 20:24:31,742 ERROR    Failed to find the serial device! list index out of range
2020-01-26 20:24:45,367 INFO     Application loaded succesfuly.
2020-01-26 20:24:45,368 ERROR    undefined
undefined
undefined
undefined
2020-01-26 20:24:45,370 ERROR    undefined
undefined
undefined
undefined
2020-01-26 20:24:49,730 INFO     Application loaded succesfuly.
2020-01-26 20:24:49,731 ERROR    undefined
undefined
undefined
undefined
2020-01-26 20:24:49,732 ERROR    undefined
undefined
undefined
undefined
2020-01-26 20:25:36,280 INFO     Application loaded succesfuly.
2020-01-26 20:25:36,282 INFO     Serial ports detected: []
2020-01-26 20:25:36,284 ERROR    Failed to find the serial device! list index out of range
2020-01-26 20:25:50,514 INFO     Application loaded succesfuly.
2020-01-26 20:25:50,515 INFO     Serial ports detected: []
2020-01-26 20:25:50,515 ERROR    Failed to find the serial device! list index out of range
2020-01-26 20:25:50,517 ERROR    undefined
undefined
undefined
undefined
2020-01-26 20:25:50,519 ERROR    undefined
undefined
undefined
undefined
2020-01-26 20:25:56,719 INFO     Application loaded succesfuly.
2020-01-26 20:25:56,720 INFO     Serial ports detected: []
2020-01-26 20:25:56,720 ERROR    Failed to find the serial device! list index out of range
2020-01-26 20:25:56,721 ERROR    undefined
undefined
undefined
undefined
2020-01-26 20:25:56,723 ERROR    undefined
undefined
undefined
undefined
2020-01-26 20:26:10,860 INFO     Serial ports detected: []
2020-01-26 20:26:10,861 ERROR    Failed to find the serial device! list index out of range
2020-01-26 20:26:11,269 INFO     Application loaded succesfuly.
2020-01-26 20:26:11,445 INFO     Application loaded succesfuly.
2020-01-26 20:26:11,447 ERROR    undefined
undefined
undefined
undefined
2020-01-26 20:26:11,450 ERROR    undefined
undefined
undefined
undefined
2020-01-26 20:29:04,397 INFO     Serial ports detected: []
2020-01-26 20:29:04,433 ERROR    Failed to find the serial device! list index out of range
2020-01-26 20:29:06,981 INFO     Application loaded succesfuly.
2020-01-26 20:29:06,982 ERROR    undefined
undefined
undefined
undefined
2020-01-26 20:29:06,984 INFO     Application loaded succesfuly.
2020-01-26 20:29:06,986 ERROR    undefined
undefined
undefined
undefined
2020-01-26 20:29:06,987 ERROR    undefined
undefined
undefined
undefined
2020-01-26 20:29:06,988 ERROR    undefined
undefined
undefined
undefined
2020-01-26 20:29:21,404 INFO     Serial ports detected: []
2020-01-26 20:29:21,405 ERROR    Failed to find the serial device! list index out of range
2020-01-26 20:29:21,752 INFO     Application loaded succesfuly.
2020-01-26 20:29:38,383 INFO     Application loaded succesfuly.
2020-01-26 20:29:38,383 ERROR    undefined
undefined
undefined
undefined
2020-01-26 20:29:38,385 ERROR    undefined
undefined
undefined
undefined
2020-01-26 20:29:54,021 INFO     Application loaded succesfuly.
2020-01-26 20:29:54,022 ERROR    undefined
undefined
undefined
undefined
2020-01-26 20:29:54,027 ERROR    undefined
undefined
undefined
undefined
2020-01-26 20:29:54,837 INFO     Application loaded succesfuly.
2020-01-26 20:29:54,838 ERROR    undefined
undefined
undefined
undefined
2020-01-26 20:29:54,840 ERROR    undefined
undefined
undefined
undefined
2020-01-26 20:29:55,041 INFO     Application loaded succesfuly.
2020-01-26 20:29:55,042 ERROR    undefined
undefined
undefined
undefined
2020-01-26 20:29:55,044 ERROR    undefined
undefined
undefined
undefined
2020-01-26 20:30:18,298 INFO     Serial ports detected: []
2020-01-26 20:30:18,298 ERROR    Failed to find the serial device! list index out of range
2020-01-26 20:30:24,020 INFO     Application loaded succesfuly.
2020-01-26 20:30:24,021 ERROR    undefined
undefined
undefined
undefined
2020-01-26 20:30:24,022 ERROR    undefined
undefined
undefined
undefined
2020-01-26 20:31:15,375 INFO     Application loaded succesfuly.
2020-01-26 20:31:15,377 ERROR    undefined
undefined
undefined
undefined
2020-01-26 20:31:15,380 ERROR    undefined
undefined
undefined
undefined
2020-01-26 20:31:18,710 INFO     Application loaded succesfuly.
2020-01-26 20:31:18,711 ERROR    undefined
undefined
undefined
undefined
2020-01-26 20:31:18,712 ERROR    undefined
undefined
undefined
undefined
2020-01-26 20:31:20,103 INFO     Application loaded succesfuly.
2020-01-26 20:31:20,104 ERROR    undefined
undefined
undefined
undefined
2020-01-26 20:31:20,105 ERROR    undefined
undefined
undefined
undefined
2020-01-26 20:31:37,852 INFO     Serial ports detected: []
2020-01-26 20:31:37,852 ERROR    Failed to find the serial device! list index out of range
2020-01-26 20:31:38,293 INFO     Application loaded succesfuly.
2020-01-26 20:31:46,808 INFO     Application loaded succesfuly.
2020-01-26 20:31:46,809 ERROR    undefined
undefined
undefined
undefined
2020-01-26 20:31:46,812 ERROR    undefined
undefined
undefined
undefined
2020-01-26 20:31:48,470 INFO     Application loaded succesfuly.
2020-01-26 20:31:48,471 ERROR    undefined
undefined
undefined
undefined
2020-01-26 20:31:48,473 ERROR    undefined
undefined
undefined
undefined
2020-01-26 20:31:51,276 INFO     Application loaded succesfuly.
2020-01-26 20:31:51,277 ERROR    undefined
undefined
undefined
undefined
2020-01-26 20:31:51,279 ERROR    undefined
undefined
undefined
undefined
2020-01-26 20:31:54,043 INFO     Application loaded succesfuly.
2020-01-26 20:31:54,044 ERROR    undefined
undefined
undefined
undefined
2020-01-26 20:31:54,046 ERROR    undefined
undefined
undefined
undefined
2020-01-26 20:32:09,148 INFO     Serial ports detected: []
2020-01-26 20:32:09,148 ERROR    Failed to find the serial device! list index out of range
2020-01-26 20:32:17,128 INFO     Application loaded succesfuly.
2020-01-26 20:32:17,129 ERROR    undefined
undefined
undefined
undefined
2020-01-26 20:32:17,132 ERROR    undefined
undefined
undefined
undefined
2020-01-26 20:32:59,498 INFO     Serial ports detected: []
2020-01-26 20:32:59,499 ERROR    Failed to find the serial device! list index out of range
2020-01-26 20:33:01,042 INFO     Application loaded succesfuly.
2020-01-26 20:33:10,803 INFO     Application loaded succesfuly.
2020-01-26 20:34:09,475 INFO     Serial ports detected: []
2020-01-26 20:34:09,476 ERROR    Failed to find the serial device! list index out of range
2020-01-26 20:34:11,719 INFO     Application loaded succesfuly.
2020-01-26 20:34:16,372 INFO     Application loaded succesfuly.
2020-01-26 20:34:16,838 INFO     Application loaded succesfuly.
2020-01-26 20:34:47,641 INFO     Application loaded succesfuly.
2020-01-26 20:35:28,933 INFO     Serial ports detected: []
2020-01-26 20:35:28,933 ERROR    Failed to find the serial device! list index out of range
2020-01-26 20:35:33,826 ERROR    undefined
undefined
undefined
undefined
2020-01-26 20:35:33,828 ERROR    undefined
undefined
undefined
undefined
2020-01-26 20:36:19,840 INFO     Serial ports detected: []
2020-01-26 20:36:19,840 ERROR    Failed to find the serial device! list index out of range
2020-01-26 20:36:20,226 INFO     Application loaded succesfuly.
2020-01-26 20:36:23,566 INFO     Application loaded succesfuly.
2020-01-26 20:36:23,567 ERROR    undefined
undefined
undefined
undefined
2020-01-26 20:36:23,568 ERROR    undefined
undefined
undefined
undefined
2020-01-26 20:36:29,862 INFO     Application loaded succesfuly.
2020-01-26 20:36:29,863 ERROR    undefined
undefined
undefined
undefined
2020-01-26 20:36:29,865 ERROR    undefined
undefined
undefined
undefined
2020-01-26 20:36:30,738 INFO     Application loaded succesfuly.
2020-01-26 20:36:30,739 ERROR    undefined
undefined
undefined
undefined
2020-01-26 20:36:30,741 ERROR    undefined
undefined
undefined
undefined
2020-01-26 20:36:47,096 INFO     Serial ports detected: []
2020-01-26 20:36:47,097 ERROR    Failed to find the serial device! list index out of range
2020-01-26 20:36:47,399 INFO     Application loaded succesfuly.
2020-01-26 20:36:50,921 INFO     Application loaded succesfuly.
2020-01-26 20:36:50,922 ERROR    undefined
undefined
undefined
undefined
2020-01-26 20:36:50,924 ERROR    undefined
undefined
undefined
undefined
2020-01-26 20:40:06,336 INFO     Serial ports detected: []
2020-01-26 20:40:06,336 ERROR    Failed to find the serial device! list index out of range
2020-01-26 20:40:06,905 INFO     Application loaded succesfuly.
2020-01-26 20:45:35,659 INFO     Serial ports detected: []
2020-01-26 20:45:35,659 ERROR    Failed to find the serial device! list index out of range
2020-01-26 20:45:36,244 INFO     Application loaded succesfuly.
